1518579293748	geckodriver	INFO	geckodriver 0.19.1
1518579293759	geckodriver	INFO	Listening on 127.0.0.1:55771
1518579296828	mozrunner::runner	INFO	Running command: "C:\\Program Files (x86)\\Mozilla Firefox\\firefox.exe" "-marionette" "-profile" "C:\\Users\\WINDOW~1\\AppData\\Local\\Temp\\rust_mozprofile.Vf9mr5BetWmR"
1518579300451	Marionette	INFO	Enabled via --marionette
1518579309437	Marionette	INFO	Listening on port 55781
1518579311581	Marionette	WARN	TLS certificate errors will be ignored for this session
1518579344586	geckodriver	INFO	geckodriver 0.19.1
1518579344591	geckodriver	INFO	Listening on 127.0.0.1:55835
1518579347614	mozrunner::runner	INFO	Running command: "C:\\Program Files (x86)\\Mozilla Firefox\\firefox.exe" "-marionette" "-profile" "C:\\Users\\WINDOW~1\\AppData\\Local\\Temp\\rust_mozprofile.bGjkXgUtXczj"
1518579348369	Marionette	INFO	Enabled via --marionette
1518579351937	Marionette	INFO	Listening on port 55843
1518579352827	Marionette	WARN	TLS certificate errors will be ignored for this session
Unable to read VR Path Registry from C:\Users\Windows 7\AppData\Local\openvr\openvrpaths.vrpath
[Parent 4936, Gecko_IOThread] WARNING: pipe error: 109: file z:/build/build/src/ipc/chromium/src/chrome/common/ipc_channel_win.cc, line 346
Unable to read VR Path Registry from C:\Users\Windows 7\AppData\Local\openvr\openvrpaths.vrpath
[Child 10128, Chrome_ChildThread] WARNING: pipe error: 109: file z:/build/build/src/ipc/chromium/src/chrome/common/ipc_channel_win.cc, line 346
Unable to read VR Path Registry from C:\Users\Windows 7\AppData\Local\openvr\openvrpaths.vrpath
[Child 9340, Chrome_ChildThread] WARNING: pipe error: 109: file z:/build/build/src/ipc/chromium/src/chrome/common/ipc_channel_win.cc, line 346
[Child 9340, Chrome_ChildThread] WARNING: pipe error: 109: file z:/build/build/src/ipc/chromium/src/chrome/common/ipc_channel_win.cc, line 346
*** UTM:SVC TimerManager:registerTimer called after profile-before-change notification. Ignoring timer registration for id: telemetry_modules_ping

###!!! [Child][MessageChannel::SendAndWait] Error: Channel error: cannot send/recv

1518580214932	geckodriver	INFO	geckodriver 0.19.1
1518580214937	geckodriver	INFO	Listening on 127.0.0.1:55911
1518580218035	mozrunner::runner	INFO	Running command: "C:\\Program Files (x86)\\Mozilla Firefox\\firefox.exe" "-marionette" "-profile" "C:\\Users\\WINDOW~1\\AppData\\Local\\Temp\\rust_mozprofile.XOMwO6r7XSo5"
1518580218907	Marionette	INFO	Enabled via --marionette
1518580222851	Marionette	INFO	Listening on port 55919
1518580223252	Marionette	WARN	TLS certificate errors will be ignored for this session
1519347739338	geckodriver	INFO	geckodriver 0.19.1
1519347739352	geckodriver	INFO	Listening on 127.0.0.1:56157
1519347742462	mozrunner::runner	INFO	Running command: "C:\\Program Files (x86)\\Mozilla Firefox\\firefox.exe" "-marionette" "-profile" "C:\\Users\\WINDOW~1\\AppData\\Local\\Temp\\rust_mozprofile.RNI3IxyYBQwU"
1519347745372	Marionette	INFO	Enabled via --marionette
1519347752310	Marionette	INFO	Listening on port 56169
1519347752768	Marionette	WARN	TLS certificate errors will be ignored for this session
Unable to read VR Path Registry from C:\Users\Windows 7\AppData\Local\openvr\openvrpaths.vrpath
[Parent 4304, Gecko_IOThread] WARNING: pipe error: 109: file z:/build/build/src/ipc/chromium/src/chrome/common/ipc_channel_win.cc, line 346
Unable to read VR Path Registry from C:\Users\Windows 7\AppData\Local\openvr\openvrpaths.vrpath
[Child 7792, Chrome_ChildThread] WARNING: pipe error: 109: file z:/build/build/src/ipc/chromium/src/chrome/common/ipc_channel_win.cc, line 346
[Child 7792, Chrome_ChildThread] WARNING: pipe error: 109: file z:/build/build/src/ipc/chromium/src/chrome/common/ipc_channel_win.cc, line 346
Unable to read VR Path Registry from C:\Users\Windows 7\AppData\Local\openvr\openvrpaths.vrpath
[Child 7356, Chrome_ChildThread] WARNING: pipe error: 109: file z:/build/build/src/ipc/chromium/src/chrome/common/ipc_channel_win.cc, line 346
Unable to read VR Path Registry from C:\Users\Windows 7\AppData\Local\openvr\openvrpaths.vrpath
[Child 6372, Chrome_ChildThread] WARNING: pipe error: 109: file z:/build/build/src/ipc/chromium/src/chrome/common/ipc_channel_win.cc, line 346
[Child 6372, Chrome_ChildThread] WARNING: pipe error: 109: file z:/build/build/src/ipc/chromium/src/chrome/common/ipc_channel_win.cc, line 346
[Parent 4304, Gecko_IOThread] WARNING: pipe error: 109: file z:/build/build/src/ipc/chromium/src/chrome/common/ipc_channel_win.cc, line 346
Unable to read VR Path Registry from C:\Users\Windows 7\AppData\Local\openvr\openvrpaths.vrpath
[Child 8784, Chrome_ChildThread] WARNING: pipe error: 109: file z:/build/build/src/ipc/chromium/src/chrome/common/ipc_channel_win.cc, line 346
*** UTM:SVC TimerManager:registerTimer called after profile-before-change notification. Ignoring timer registration for id: telemetry_modules_ping

###!!! [Child][MessageChannel::SendAndWait] Error: Channel error: cannot send/recv

1519348131277	geckodriver	INFO	geckodriver 0.19.1
1519348131282	geckodriver	INFO	Listening on 127.0.0.1:56376
1519348134359	mozrunner::runner	INFO	Running command: "C:\\Program Files (x86)\\Mozilla Firefox\\firefox.exe" "-marionette" "-profile" "C:\\Users\\WINDOW~1\\AppData\\Local\\Temp\\rust_mozprofile.Ij35tjoPTxZS"
1519348135066	Marionette	INFO	Enabled via --marionette
1519348138591	Marionette	INFO	Listening on port 56384
1519348140147	Marionette	WARN	TLS certificate errors will be ignored for this session
Unable to read VR Path Registry from C:\Users\Windows 7\AppData\Local\openvr\openvrpaths.vrpath
[Child 1428, Chrome_ChildThread] WARNING: pipe error: 109: file z:/build/build/src/ipc/chromium/src/chrome/common/ipc_channel_win.cc, line 346
[Child 1428, Chrome_ChildThread] WARNING: pipe error: 109: file z:/build/build/src/ipc/chromium/src/chrome/common/ipc_channel_win.cc, line 346
Unable to read VR Path Registry from C:\Users\Windows 7\AppData\Local\openvr\openvrpaths.vrpath
[Child 9208, 1519348206032	mozrunner::runner	INFO	Running command: "C:\\Program Files (x86)\\Mozilla Firefox\\firefox.exe" "-marionette" "-profile" "C:\\Users\\WINDOW~1\\AppData\\Local\\Temp\\rust_mozprofile.6syhn54bkHqV"
1519348207110	Marionette	INFO	Enabled via --marionette
1519348210894	Marionette	INFO	Listening on port 56441
1519348211247	Marionette	WARN	TLS certificate errors will be ignored for this session
Unable to read VR Path Registry from C:\Users\Windows 7\AppData\Local\openvr\openvrpaths.vrpath
[Parent 9072, Gecko_IOThread] WARNING: pipe error: 109: file z:/build/build/src/ipc/chromium/src/chrome/common/ipc_channel_win.cc, line 346
Unable to read VR Path Registry from C:\Users\Windows 7\AppData\Local\openvr\openvrpaths.vrpath
[Child 6800, Chrome_ChildThread] WARNING: pipe error: 109: file z:/build/build/src/ipc/chromium/src/chrome/common/ipc_channel_win.cc, line 346
[Child 6800, Chrome_ChildThread] WARNING: pipe error: 109: file z:/build/build/src/ipc/chromium/src/chrome/common/ipc_channel_win.cc, line 346
Unable to read VR Path Registry from C:\Users\Windows 7\AppData\Local\openvr\openvrpaths.vrpath
[Child 616, Chrome_ChildThread] WARNING: pipe error: 109: file z:/build/build/src/ipc/chromium/src/chrome/common/ipc_channel_win.cc, line 346
Unable to read VR Path Registry from C:\Users\Windows 7\AppData\Local\openvr\openvrpaths.vrpath
[Child 8408, Chrome_ChildThread] WARNING: pipe error: 109: file z:/build/build/src/ipc/chromium/src/chrome/common/ipc_channel_win.cc, line 346
*** UTM:SVC TimerManager:registerTimer called after profile-before-change notification. Ignoring timer registration for id: telemetry_modules_ping

###!!! [Child][MessageChannel::SendAndWait] Error: Channel error: cannot send/recv

1519506298149	geckodriver	INFO	geckodriver 0.19.1
1519506298160	geckodriver	INFO	Listening on 127.0.0.1:62773
1519506301313	mozrunner::runner	INFO	Running command: "C:\\Program Files (x86)\\Mozilla Firefox\\firefox.exe" "-marionette" "-profile" "C:\\Users\\WINDOW~1\\AppData\\Local\\Temp\\rust_mozprofile.Q6nS9qkvZNAG"
1519506304416	Marionette	INFO	Enabled via --marionette
1519506312706	Marionette	INFO	Listening on port 62786
1519506312914	Marionette	WARN	TLS certificate errors will be ignored for this session
Unable to read VR Path Registry from C:\Users\Windows 7\AppData\Local\openvr\openvrpaths.vrpath
JavaScript warning: https://static.xx.fbcdn.net/rsrc.php/v3iYAF4/yk/l/en_US/2RPndbWH_lH.js, line 1179: unreachable code after return statement
Unable to read VR Path Registry from C:\Users\Windows 7\AppData\Local\openvr\openvrpaths.vrpath
[Parent 7408, Gecko_IOThread] WARNING: pipe error: 109: file z:/build/build/src/ipc/chromium/src/chrome/common/ipc_channel_win.cc, line 346
[Child 9380, Chrome_ChildThread] WARNING: pipe error: 109: file z:/build/build/src/ipc/chromium/src/chrome/common/ipc_channel_win.cc, line 346
[Child 9380, Chrome_ChildThread] WARNING: pipe error: 109: file z:/build/build/src/ipc/chromium/src/chrome/common/ipc_channel_win.cc, line 346
Unable to read VR Path Registry from C:\Users\Windows 7\AppData\Local\openvr\openvrpaths.vrpath
[Child 9752, Chrome_ChildThread] WARNING: pipe error: 109: file z:/build/build/src/ipc/chromium/src/chrome/common/ipc_channel_win.cc, line 346
[Child 9752, Chrome_ChildThread] WARNING: pipe error: 109: file z:/build/build/src/ipc/chromium/src/chrome/common/ipc_channel_win.cc, line 346
Unable to read VR Path Registry from C:\Users\Windows 7\AppData\Local\openvr\openvrpaths.vrpath
[Child 1424, Chrome_ChildThread] WARNING: pipe error: 109: file z:/build/build/src/ipc/chromium/src/chrome/common/ipc_channel_win.cc, line 346
[Child 1424, Chrome_ChildThread] WARNING: pipe error: 109: file z:/build/build/src/ipc/chromium/src/chrome/common/ipc_channel_win.cc, line 346
Unable to read VR Path Registry from C:\Users\Windows 7\AppData\Local\openvr\openvrpaths.vrpath
[GPU 6172, Chrome_ChildThread] WARNING: pipe error: 109: file z:/build/build/src/ipc/chromium/src/chrome/common/ipc_channel_win.cc, line 346

###!!! [Child][MessageChannel::SendAndWait] Error: Channel error: cannot send/recv

